Removed Pin From Net: NetName=GND Pin=C2-2
Removed Pin From Net: NetName=GND Pin=C6-2
Removed Pin From Net: NetName=NetC1_1 Pin=ISD1820-1
Removed Pin From Net: NetName=NetISD1820_2 Pin=ISD1820-2
Removed Pin From Net: NetName=NetISD1820_3 Pin=ISD1820-3
Removed Pin From Net: NetName=NetC3_1 Pin=ISD1820-4
Removed Pin From Net: NetName=NetC4_2 Pin=ISD1820-5
Removed Pin From Net: NetName=NetC5_1 Pin=ISD1820-6
Removed Pin From Net: NetName=NetISD1820_7 Pin=ISD1820-7
Removed Pin From Net: NetName=Net3V-5V_2 Pin=ISD1820-8
Removed Pin From Net: NetName=NetISD1820_9 Pin=ISD1820-9
Removed Pin From Net: NetName=NetISD1820_10 Pin=ISD1820-10
Removed Pin From Net: NetName=Net3V-5V_1 Pin=ISD1820-11
Removed Pin From Net: NetName=NetISD1820_12 Pin=ISD1820-12
Removed Pin From Net: NetName=Net3V-5V_2 Pin=ISD1820-14
Removed Pin From Net: NetName=NetISD1820_10 Pin=R4-2
Removed Pin From Net: NetName=NetISD1820_2 Pin=S2-1
Removed Pin From Net: NetName=NetISD1820_3 Pin=S3-1
Removed Pin From Net: NetName=NetISD1820_2 Pin=S4-1
Removed Pin From Net: NetName=NetISD1820_12 Pin=S5-1
Removed Pin From Net: NetName=NetISD1820_9 Pin=Speaker-1
Removed Pin From Net: NetName=NetISD1820_7 Pin=Speaker-2
Removed Member From Class: ClassName=Sheet1 Member=ISD1820
Added Component: Designator=ISD1(DIP14)
Added Pin To Net: NetName=Net3V-5V_2 Pin=C2-2
Added Pin To Net: NetName=Net3V-5V_2 Pin=C6-2
Added Pin To Net: NetName=NetC1_1 Pin=ISD1-1
Added Pin To Net: NetName=GND Pin=ISD1-2
Added Pin To Net: NetName=NetISD1820_2 Pin=ISD1-3
Added Pin To Net: NetName=NetC3_1 Pin=ISD1-4
Added Pin To Net: NetName=NetC4_2 Pin=ISD1-5
Added Pin To Net: NetName=NetC5_1 Pin=ISD1-6
Added Pin To Net: NetName=NetISD1820_3 Pin=ISD1-7
Added Pin To Net: NetName=Net3V-5V_2 Pin=ISD1-8
Added Pin To Net: NetName=NetISD1820_7 Pin=ISD1-9
Added Pin To Net: NetName=NetISD1820_9 Pin=ISD1-10
Added Pin To Net: NetName=Net3V-5V_1 Pin=ISD1-11
Added Pin To Net: NetName=NetISD1820_10 Pin=ISD1-12
Added Pin To Net: NetName=NetISD1820_12 Pin=ISD1-13
Added Pin To Net: NetName=Net3V-5V_2 Pin=ISD1-14
Added Pin To Net: NetName=NetISD1820_9 Pin=R4-2
Added Pin To Net: NetName=NetISD1820_12 Pin=R5-1
Added Pin To Net: NetName=GND Pin=S2-1
Added Pin To Net: NetName=NetISD1820_2 Pin=S3-1
Added Pin To Net: NetName=GND Pin=S4-1
Added Pin To Net: NetName=NetISD1820_12 Pin=S4-2
Added Pin To Net: NetName=NetISD1820_10 Pin=S5-1
Added Pin To Net: NetName=NetISD1820_7 Pin=Speaker-1
Added Pin To Net: NetName=NetISD1820_3 Pin=Speaker-2
Change Net Name : Old Net Name=GND New Net Name=NetISD1_2
Change Net Name : Old Net Name=Net3V-5V_1 New Net Name=VCC
Change Net Name : Old Net Name=Net3V-5V_2 New Net Name=GND
Change Net Name : Old Net Name=NetISD1820_2 New Net Name=NetISD1_3
Change Net Name : Old Net Name=NetISD1820_3 New Net Name=NetISD1_7
Change Net Name : Old Net Name=NetISD1820_7 New Net Name=NetISD1_9
Change Net Name : Old Net Name=NetISD1820_9 New Net Name=NetISD1_10
Change Net Name : Old Net Name=NetISD1820_10 New Net Name=NetISD1_12
Change Net Name : Old Net Name=NetISD1820_12 New Net Name=NetISD1_13
Added Member To Class: ClassName=Sheet1 Member=Component ISD1 Header 7X2A
Added Room: Name=Sheet1
