Added Component: Designator=3V-5V(BAT-2)
Added Component: Designator=C1(RAD4)
Added Component: Designator=C2(RAD4)
Added Component: Designator=C3(RAD4)
Added Component: Designator=C4(RAD4)
Added Component: Designator=C5(RB5/8)
Added Component: Designator=C6(RB5/8)
Added Component: Designator=D?(LED-0)
Added Component: Designator=ISD1820(HDR2X7_CEN)
Added Component: Designator=R1(AXIAL0.4)
Added Component: Designator=R2(AXIAL0.4)
Added Component: Designator=R3(AXIAL0.4)
Added Component: Designator=R4(AXIAL0.4)
Added Component: Designator=R?(AXIAL0.4)
Added Component: Designator=S1(SPST-2)
Added Component: Designator=S2(SPST-2)
Added Component: Designator=S3(SPST-2)
Added Component: Designator=S4(SPST-2)
Added Component: Designator=S5(SPST-2)
Added Component: Designator=Speaker(PIN2)
Added Component: Designator=(PIN2)
Added Pin To Net: NetName=GND Pin=C2-2
Added Pin To Net: NetName=GND Pin=C6-2
Added Net: Name=GND
Added Pin To Net: NetName=Net3V-5V_1 Pin=3V-5V-1
Added Pin To Net: NetName=Net3V-5V_1 Pin=C2-1
Added Pin To Net: NetName=Net3V-5V_1 Pin=D?-1
Added Pin To Net: NetName=Net3V-5V_1 Pin=ISD1820-11
Added Pin To Net: NetName=Net3V-5V_1 Pin=R1-2
Added Pin To Net: NetName=Net3V-5V_1 Pin=S1-2
Added Pin To Net: NetName=Net3V-5V_1 Pin=S2-2
Added Pin To Net: NetName=Net3V-5V_1 Pin=S3-2
Added Pin To Net: NetName=Net3V-5V_1 Pin=S5-2
Added Net: Name=Net3V-5V_1
Added Pin To Net: NetName=Net3V-5V_2 Pin=3V-5V-2
Added Pin To Net: NetName=Net3V-5V_2 Pin=C1-2
Added Pin To Net: NetName=Net3V-5V_2 Pin=C5-2
Added Pin To Net: NetName=Net3V-5V_2 Pin=ISD1820-14
Added Pin To Net: NetName=Net3V-5V_2 Pin=R3-2
Added Net: Name=Net3V-5V_2
Added Pin To Net: NetName=Net_1 Pin=-1
Added Pin To Net: NetName=Net_1 Pin=C4-1
Added Pin To Net: NetName=Net_1 Pin=R3-1
Added Net: Name=Net_1
Added Pin To Net: NetName=Net_2 Pin=-2
Added Pin To Net: NetName=Net_2 Pin=C3-2
Added Pin To Net: NetName=Net_2 Pin=R2-1
Added Net: Name=Net_2
Added Pin To Net: NetName=NetC1_1 Pin=C1-1
Added Pin To Net: NetName=NetC1_1 Pin=ISD1820-1
Added Pin To Net: NetName=NetC1_1 Pin=S1-1
Added Net: Name=NetC1_1
Added Pin To Net: NetName=NetC3_1 Pin=C3-1
Added Pin To Net: NetName=NetC3_1 Pin=ISD1820-4
Added Net: Name=NetC3_1
Added Pin To Net: NetName=NetC4_2 Pin=C4-2
Added Pin To Net: NetName=NetC4_2 Pin=ISD1820-5
Added Net: Name=NetC4_2
Added Pin To Net: NetName=NetC5_1 Pin=C5-1
Added Pin To Net: NetName=NetC5_1 Pin=ISD1820-6
Added Net: Name=NetC5_1
Added Pin To Net: NetName=NetC6_1 Pin=C6-1
Added Pin To Net: NetName=NetC6_1 Pin=R1-1
Added Pin To Net: NetName=NetC6_1 Pin=R2-2
Added Net: Name=NetC6_1
Added Pin To Net: NetName=NetD?_2 Pin=D?-2
Added Pin To Net: NetName=NetD?_2 Pin=R?-2
Added Net: Name=NetD?_2
Added Pin To Net: NetName=NetISD1820_2 Pin=ISD1820-2
Added Pin To Net: NetName=NetISD1820_2 Pin=S2-1
Added Pin To Net: NetName=NetISD1820_2 Pin=S4-1
Added Net: Name=NetISD1820_2
Added Pin To Net: NetName=NetISD1820_3 Pin=ISD1820-3
Added Pin To Net: NetName=NetISD1820_3 Pin=S3-1
Added Net: Name=NetISD1820_3
Added Pin To Net: NetName=NetISD1820_7 Pin=ISD1820-7
Added Pin To Net: NetName=NetISD1820_7 Pin=Speaker-2
Added Net: Name=NetISD1820_7
Added Pin To Net: NetName=NetISD1820_8 Pin=ISD1820-8
Added Pin To Net: NetName=NetISD1820_8 Pin=R4-1
Added Net: Name=NetISD1820_8
Added Pin To Net: NetName=NetISD1820_9 Pin=ISD1820-9
Added Pin To Net: NetName=NetISD1820_9 Pin=Speaker-1
Added Net: Name=NetISD1820_9
Added Pin To Net: NetName=NetISD1820_10 Pin=ISD1820-10
Added Pin To Net: NetName=NetISD1820_10 Pin=R4-2
Added Net: Name=NetISD1820_10
Added Pin To Net: NetName=NetISD1820_12 Pin=ISD1820-12
Added Pin To Net: NetName=NetISD1820_12 Pin=S5-1
Added Net: Name=NetISD1820_12
Added Pin To Net: NetName=NetISD1820_13 Pin=ISD1820-13
Added Pin To Net: NetName=NetISD1820_13 Pin=R?-1
Added Pin To Net: NetName=NetISD1820_13 Pin=S4-2
Added Net: Name=NetISD1820_13
Added Class: Name=Sheet1
Added Room: Name=Sheet1
